<?xml version="1.0" encoding="UTF-8"?>
<!-- Generated by org.testng.reporters.JUnitReportReporter -->
<testsuite hostname="VCSERVME" failures="0" tests="1" name="com.servMe.testCases.TC_LoginTest_001" time="7.381" errors="0" timestamp="2022-04-24T17:30:27 GST" skipped="0">
  <testcase classname="com.servMe.testCases.TC_LoginTest_001" name="loginTest" time="7.381"/>
  <system-out/>
</testsuite> <!-- com.servMe.testCases.TC_LoginTest_001 -->
