<?xml version="1.0" encoding="UTF-8"?>
<!-- Generated by org.testng.reporters.JUnitReportReporter -->
<testsuite hostname="VCSERVME" failures="0" tests="1" name="com.servMe.testCases.TC_Reservation_New_Guest_002" time="80.256" errors="0" timestamp="2022-11-02T11:48:47 GST" skipped="0">
  <testcase classname="com.servMe.testCases.TC_Reservation_New_Guest_002" name="tc_Reservation_New_Guest_002" time="80.256"/>
  <system-out/>
</testsuite> <!-- com.servMe.testCases.TC_Reservation_New_Guest_002 -->
