<?xml version="1.0" encoding="UTF-8"?>
<!-- Generated by org.testng.reporters.JUnitReportReporter -->
<testsuite hostname="VCSERVME" failures="0" tests="1" name="firstProject.selenium_java.Test_demo" time="8.343" errors="0" timestamp="2022-04-22T12:29:24 GST" skipped="0">
  <testcase classname="firstProject.selenium_java.Test_demo" name="demo" time="8.343"/>
  <system-out/>
</testsuite> <!-- firstProject.selenium_java.Test_demo -->
